<?xml version="1.0" encoding="UTF-8"?>
<!-- Generated by org.testng.reporters.JUnitReportReporter -->
<testsuite hostname="DESKTOP-7HURLFU" failures="0" tests="1" name="com.coverFox_test.CoverFoxTestUsingTestNGclass" time="18.648" errors="0" timestamp="2025-04-21T18:57:55 IST" skipped="0">
  <testcase classname="com.coverFox_test.CoverFoxTestUsingTestNGclass" name="validateCoverFoxPlans" time="18.648">
    <system-out>
      <![CDATA[getting plan number from text
getting plan number from plan cards
Plan number are matching TC is passed
taking screenshot, svaed atC:\Users\user\Anjali\eclipse-workspace\Nov23Batch24_Maven\screenshotvalidateCoverFoxPlans.png]]>
    </system-out>
  </testcase> <!-- validateCoverFoxPlans -->
  <system-out>
    <![CDATA[Reading url from properties file
launching Browser
click on gender
click on next button of health plan page
reading data from excel
handeling age drop down
Clicking on next button of MemberDEtailPage
reading data from excel
entering pin code
reading data from excel
entering mobile number
click on continue button on address details page
getting plan number from text
getting plan number from plan cards
Plan number are matching TC is passed
taking screenshot, svaed atC:\Users\user\Anjali\eclipse-workspace\Nov23Batch24_Maven\screenshotvalidateCoverFoxPlans.png
closing browser
closing Browser]]>
  </system-out>
</testsuite> <!-- com.coverFox_test.CoverFoxTestUsingTestNGclass -->
