<?xml version="1.0" encoding="UTF-8"?>
<!-- Generated by org.testng.reporters.JUnitReportReporter -->
<testsuite hostname="DESKTOP-7HURLFU" failures="0" tests="1" name="sample.NewTest" time="33.563" errors="0" timestamp="2025-04-17T17:48:10 IST" skipped="0">
  <testcase classname="sample.NewTest" name="method" time="33.563"/>
</testsuite> <!-- sample.NewTest -->
